<?xml version="1.0" encoding="UTF-8"?>
<testsuite name="I can a city inside a state." tests="2" skipped="0" failures="1" errors="0" timestamp="2022-11-09T21:20:56" hostname="MATEO-PC" time="5.767">
  <properties/>
  <testcase name="Scenario Outline name: as a Test Engineer, I want to validate that a text is present inside the list. #1" classname="I can a city inside a state." time="4.776">
    <failure message="java.lang.Error: The next text not is on the list: failed." type="java.lang.Error">java.lang.Error: The next text not is on the list: failed.
	at steps.StepsList.theTableIsThere(StepsList.java:31)
	at ✽.I can find the Seattle, Washington in the list(file:///C:/Users/matys/OneDrive/Documentos/Aprendizaje%20personal/EjemploList/src/test/resources/features/list.feature:7)
</failure>
  </testcase>
  <testcase name="Scenario Outline name: as a Test Engineer, I want to validate that a text is present inside the list. #2" classname="I can a city inside a state." time="0.991"/>
  <system-out><![CDATA[The next text is on the list: PASSED.
]]></system-out>
  <system-err><![CDATA[SLF4J: Failed to load class "org.slf4j.impl.StaticLoggerBinder".
SLF4J: Defaulting to no-operation (NOP) logger implementation
SLF4J: See http://www.slf4j.org/codes.html#StaticLoggerBinder for further details.
Starting ChromeDriver 106.0.5249.61 (511755355844955cd3e264779baf0dd38212a4d0-refs/branch-heads/5249@{#569}) on port 50692
Only local connections are allowed.
Please see https://chromedriver.chromium.org/security-considerations for suggestions on keeping ChromeDriver safe.
ChromeDriver was started successfully.
[1668028859.371][WARNING]: This version of ChromeDriver has not been tested with Chrome version 107.
nov 09, 2022 4:20:59 PM org.openqa.selenium.remote.ProtocolHandshake createSession
INFORMACIÓN: Detected upstream dialect: W3C
nov 09, 2022 4:20:59 PM org.openqa.selenium.devtools.CdpVersionFinder findNearestMatch
ADVERTENCIA: Unable to find an exact match for CDP version 107, so returning the closest version found: 104
nov 09, 2022 4:20:59 PM org.openqa.selenium.devtools.CdpVersionFinder findNearestMatch
INFORMACIÓN: Found CDP implementation for version 107 of 104
]]></system-err>
</testsuite>
